<?xml version="1.0" encoding="UTF-8"?>
<!-- Generated by org.testng.reporters.JUnitReportReporter -->
<testsuite hostname="AjayGayathri" failures="0" tests="1" name="org.testng.TestNGDay3dot1" time="0.006" errors="0" timestamp="2024-08-23T23:25:42 IST" skipped="0">
  <testcase classname="org.testng.TestNGDay3dot1" name="LoginAPIHomeLoan" time="0.006"/>
  <system-out/>
</testsuite> <!-- org.testng.TestNGDay3dot1 -->
