<?xml version="1.0" encoding="UTF-8"?>
<!-- Generated by org.testng.reporters.JUnitReportReporter -->
<testsuite hostname="AjayGayathri" failures="0" tests="2" name="org.testng.TestNGDay3" time="0.028" errors="0" timestamp="2024-08-23T23:25:42 IST" skipped="0">
  <testcase classname="org.testng.TestNGDay3" name="LoginAPICarLoan" time="0.005"/>
  <system-out/>
  <testcase classname="org.testng.TestNGDay3" name="WebLoginCarLoan" time="0.023"/>
  <system-out/>
</testsuite> <!-- org.testng.TestNGDay3 -->
