<?xml version="1.0" encoding="UTF-8"?>
<!-- Generated by org.testng.reporters.JUnitReportReporter -->
<testsuite hostname="AjayGayathri" failures="0" tests="2" name="org.testng.TestNGDay01" time="0.008" errors="0" timestamp="2024-08-23T23:25:42 IST" skipped="0">
  <testcase classname="org.testng.TestNGDay01" name="demo" time="0.004"/>
  <system-out/>
  <testcase classname="org.testng.TestNGDay01" name="secondTestCase" time="0.004"/>
  <system-out/>
</testsuite> <!-- org.testng.TestNGDay01 -->
